<?xml version="1.0" encoding="UTF-8"?>
<testng-results ignored="0" total="2" passed="2" failed="0" skipped="0">
  <reporter-output>
  </reporter-output>
  <suite started-at="2024-06-14T19:53:41 IST" name="Suite" finished-at="2024-06-14T19:55:10 IST" duration-ms="88949">
    <groups>
    </groups>
    <test started-at="2024-06-14T19:53:41 IST" name="Test" finished-at="2024-06-14T19:55:10 IST" duration-ms="88949">
      <class name="CaptsonProject.CaptsonProject.EbayLogin">
        <test-method is-config="true" signature="startTest()[pri:0, instance:CaptsonProject.CaptsonProject.EbayLogin@130d63be]" started-at="2024-06-14T19:53:42 IST" name="startTest" finished-at="2024-06-14T19:53:42 IST" duration-ms="220" status="PASS">
          <reporter-output>
          </reporter-output>
        </test-method> <!-- startTest -->
        <test-method signature="invoke(java.lang.String)[pri:0, instance:CaptsonProject.CaptsonProject.EbayLogin@130d63be]" started-at="2024-06-14T19:53:42 IST" name="invoke" finished-at="2024-06-14T19:53:49 IST" duration-ms="7722" status="PASS">
          <params>
            <param index="0">
              <value>
                <![CDATA[chrome]]>
              </value>
            </param>
          </params>
          <reporter-output>
          </reporter-output>
        </test-method> <!-- invoke -->
        <test-method signature="login()[pri:0, instance:CaptsonProject.CaptsonProject.EbayLogin@130d63be]" started-at="2024-06-14T19:53:49 IST" name="login" finished-at="2024-06-14T19:55:10 IST" depends-on-methods="CaptsonProject.CaptsonProject.EbayLogin.invoke" duration-ms="80934" status="PASS">
          <reporter-output>
          </reporter-output>
        </test-method> <!-- login -->
      </class> <!-- CaptsonProject.CaptsonProject.EbayLogin -->
    </test> <!-- Test -->
  </suite> <!-- Suite -->
</testng-results>
