<?xml version="1.0" encoding="UTF-8"?>
<testng-results ignored="0" total="2" passed="2" failed="0" skipped="0">
  <reporter-output>
  </reporter-output>
  <suite started-at="2024-06-15T13:19:51 IST" name="Suite" finished-at="2024-06-15T13:20:07 IST" duration-ms="16422">
    <groups>
    </groups>
    <test started-at="2024-06-15T13:19:51 IST" name="Test" finished-at="2024-06-15T13:20:07 IST" duration-ms="16422">
      <class name="CaptsonProject.CaptsonProject.EbayLogin">
        <test-method is-config="true" signature="startTest()[pri:0, instance:CaptsonProject.CaptsonProject.EbayLogin@4d154ccd]" started-at="2024-06-15T13:19:51 IST" name="startTest" finished-at="2024-06-15T13:19:51 IST" duration-ms="183" status="PASS">
          <reporter-output>
          </reporter-output>
        </test-method> <!-- startTest -->
        <test-method signature="invoke(java.lang.String)[pri:0, instance:CaptsonProject.CaptsonProject.EbayLogin@4d154ccd]" started-at="2024-06-15T13:19:51 IST" name="invoke" finished-at="2024-06-15T13:19:54 IST" duration-ms="3549" status="PASS">
          <params>
            <param index="0">
              <value>
                <![CDATA[chrome]]>
              </value>
            </param>
          </params>
          <reporter-output>
          </reporter-output>
        </test-method> <!-- invoke -->
        <test-method signature="login()[pri:0, instance:CaptsonProject.CaptsonProject.EbayLogin@4d154ccd]" started-at="2024-06-15T13:19:54 IST" name="login" finished-at="2024-06-15T13:20:07 IST" depends-on-methods="CaptsonProject.CaptsonProject.EbayLogin.invoke" duration-ms="12648" status="PASS">
          <reporter-output>
          </reporter-output>
        </test-method> <!-- login -->
      </class> <!-- CaptsonProject.CaptsonProject.EbayLogin -->
    </test> <!-- Test -->
  </suite> <!-- Suite -->
</testng-results>
