<?xml version="1.0" encoding="UTF-8"?>
<testng-results ignored="0" total="9" passed="9" failed="0" skipped="0">
  <reporter-output>
  </reporter-output>
  <suite started-at="2024-06-16T17:10:40 IST" name="Suite" finished-at="2024-06-16T17:11:45 IST" duration-ms="64894">
    <groups>
    </groups>
    <test started-at="2024-06-16T17:10:40 IST" name="Test" finished-at="2024-06-16T17:11:45 IST" duration-ms="64894">
      <class name="CAPSTONE_PROJECT.Capstone_Project.EbayLogin">
        <test-method is-config="true" signature="startTest()[pri:0, instance:CAPSTONE_PROJECT.Capstone_Project.EbayLogin@53fe15ff]" started-at="2024-06-16T17:10:40 IST" name="startTest" finished-at="2024-06-16T17:10:41 IST" duration-ms="442" status="PASS">
          <reporter-output>
          </reporter-output>
        </test-method> <!-- startTest -->
        <test-method signature="invoke(java.lang.String)[pri:0, instance:CAPSTONE_PROJECT.Capstone_Project.EbayLogin@53fe15ff]" started-at="2024-06-16T17:10:41 IST" name="invoke" finished-at="2024-06-16T17:10:48 IST" duration-ms="7485" status="PASS">
          <params>
            <param index="0">
              <value>
                <![CDATA[chrome]]>
              </value>
            </param>
          </params>
          <reporter-output>
          </reporter-output>
        </test-method> <!-- invoke -->
        <test-method signature="invoke()[pri:0, instance:CAPSTONE_PROJECT.Capstone_Project.EbayLogin@53fe15ff]" started-at="2024-06-16T17:10:48 IST" name="invoke" finished-at="2024-06-16T17:10:48 IST" duration-ms="30" status="PASS">
          <reporter-output>
          </reporter-output>
        </test-method> <!-- invoke -->
        <test-method signature="setup()[pri:0, instance:CAPSTONE_PROJECT.Capstone_Project.EbayLogin@53fe15ff]" started-at="2024-06-16T17:10:48 IST" name="setup" finished-at="2024-06-16T17:10:51 IST" duration-ms="2574" status="PASS">
          <reporter-output>
          </reporter-output>
        </test-method> <!-- setup -->
        <test-method signature="login()[pri:0, instance:CAPSTONE_PROJECT.Capstone_Project.EbayLogin@53fe15ff]" started-at="2024-06-16T17:10:51 IST" name="login" finished-at="2024-06-16T17:10:59 IST" depends-on-methods="CAPSTONE_PROJECT.Capstone_Project.EbayLogin.invoke" duration-ms="8632" status="PASS">
          <reporter-output>
          </reporter-output>
        </test-method> <!-- login -->
        <test-method signature="Category()[pri:0, instance:CAPSTONE_PROJECT.Capstone_Project.EbayLogin@53fe15ff]" started-at="2024-06-16T17:10:59 IST" name="Category" finished-at="2024-06-16T17:11:09 IST" depends-on-methods="CAPSTONE_PROJECT.Capstone_Project.EbayLogin.login" duration-ms="9250" status="PASS">
          <reporter-output>
          </reporter-output>
        </test-method> <!-- Category -->
        <test-method signature="Search()[pri:0, instance:CAPSTONE_PROJECT.Capstone_Project.EbayLogin@53fe15ff]" started-at="2024-06-16T17:11:09 IST" name="Search" finished-at="2024-06-16T17:11:19 IST" depends-on-methods="CAPSTONE_PROJECT.Capstone_Project.EbayLogin.Category" duration-ms="10128" status="PASS">
          <reporter-output>
          </reporter-output>
        </test-method> <!-- Search -->
        <test-method signature="Wishlist()[pri:0, instance:CAPSTONE_PROJECT.Capstone_Project.EbayLogin@53fe15ff]" started-at="2024-06-16T17:11:19 IST" name="Wishlist" finished-at="2024-06-16T17:11:29 IST" depends-on-methods="CAPSTONE_PROJECT.Capstone_Project.EbayLogin.Search" duration-ms="9964" status="PASS">
          <reporter-output>
          </reporter-output>
        </test-method> <!-- Wishlist -->
        <test-method signature="Addtocart()[pri:0, instance:CAPSTONE_PROJECT.Capstone_Project.EbayLogin@53fe15ff]" started-at="2024-06-16T17:11:29 IST" name="Addtocart" finished-at="2024-06-16T17:11:35 IST" depends-on-methods="CAPSTONE_PROJECT.Capstone_Project.EbayLogin.Wishlist" duration-ms="5749" status="PASS">
          <reporter-output>
          </reporter-output>
        </test-method> <!-- Addtocart -->
        <test-method signature="Signout()[pri:0, instance:CAPSTONE_PROJECT.Capstone_Project.EbayLogin@53fe15ff]" started-at="2024-06-16T17:11:35 IST" name="Signout" finished-at="2024-06-16T17:11:42 IST" depends-on-methods="CAPSTONE_PROJECT.Capstone_Project.EbayLogin.Addtocart" duration-ms="7778" status="PASS">
          <reporter-output>
          </reporter-output>
        </test-method> <!-- Signout -->
        <test-method is-config="true" signature="endTest()[pri:0, instance:CAPSTONE_PROJECT.Capstone_Project.EbayLogin@53fe15ff]" started-at="2024-06-16T17:11:42 IST" name="endTest" finished-at="2024-06-16T17:11:43 IST" duration-ms="958" status="PASS">
          <reporter-output>
          </reporter-output>
        </test-method> <!-- endTest -->
        <test-method is-config="true" signature="closeBrowser()[pri:0, instance:CAPSTONE_PROJECT.Capstone_Project.EbayLogin@53fe15ff]" started-at="2024-06-16T17:11:43 IST" name="closeBrowser" finished-at="2024-06-16T17:11:45 IST" duration-ms="1728" status="PASS">
          <reporter-output>
          </reporter-output>
        </test-method> <!-- closeBrowser -->
      </class> <!-- CAPSTONE_PROJECT.Capstone_Project.EbayLogin -->
    </test> <!-- Test -->
  </suite> <!-- Suite -->
</testng-results>
