<?xml version="1.0" encoding="UTF-8"?>
<!-- Generated by org.testng.reporters.JUnitXMLReporter -->
<testsuite ignored="0" hostname="DESKTOP-UE46FL2" failures="0" tests="9" name="Test" time="64.894" errors="0" timestamp="2024-06-16T17:11:45 IST">
  <testcase classname="CAPSTONE_PROJECT.Capstone_Project.BaseClass" name="invoke" time="7.485"/>
  <testcase classname="CAPSTONE_PROJECT.Capstone_Project.EbayLogin" name="invoke" time="0.03"/>
  <testcase classname="CAPSTONE_PROJECT.Capstone_Project.EbayLogin" name="setup" time="2.574"/>
  <testcase classname="CAPSTONE_PROJECT.Capstone_Project.EbayLogin" name="login" time="8.632"/>
  <testcase classname="CAPSTONE_PROJECT.Capstone_Project.EbayLogin" name="Category" time="9.25"/>
  <testcase classname="CAPSTONE_PROJECT.Capstone_Project.EbayLogin" name="Search" time="10.128"/>
  <testcase classname="CAPSTONE_PROJECT.Capstone_Project.EbayLogin" name="Wishlist" time="9.964"/>
  <testcase classname="CAPSTONE_PROJECT.Capstone_Project.EbayLogin" name="Addtocart" time="5.749"/>
  <testcase classname="CAPSTONE_PROJECT.Capstone_Project.EbayLogin" name="Signout" time="7.778"/>
</testsuite> <!-- Test -->
